The system is: Darwin - 18.5.0 - x86_64
Compiling the C compiler identification source file "CMakeCCompilerId.c" succeeded.
Compiler: /Applications/Xcode.app/Contents/Developer/Toolchains/XcodeDefault.xctoolchain/usr/bin/cc 
Build flags: 
Id flags:  

The output was:
0


Compilation of the C compiler identification source "CMakeCCompilerId.c" produced "a.out"

The C compiler identification is AppleClang, found in "/Users/soleilpqd/PROJECTS/GitDiff/objective-git/External/libssh2/bin/CMakeFiles/3.14.0/CompilerIdC/a.out"

Determining if the C compiler works passed with the following output:
Change Dir: /Users/soleilpqd/PROJECTS/GitDiff/objective-git/External/libssh2/bin/CMakeFiles/CMakeTmp

Run Build Command(s):/usr/bin/make cmTC_f9b89/fast 
/Applications/Xcode.app/Contents/Developer/usr/bin/make -f CMakeFiles/cmTC_f9b89.dir/build.make CMakeFiles/cmTC_f9b89.dir/build
Building C object CMakeFiles/cmTC_f9b89.dir/testCCompiler.c.o
/Applications/Xcode.app/Contents/Developer/Toolchains/XcodeDefault.xctoolchain/usr/bin/cc   -isysroot /Applications/Xcode.app/Contents/Developer/Platforms/MacOSX.platform/Developer/SDKs/MacOSX10.14.sdk   -o CMakeFiles/cmTC_f9b89.dir/testCCompiler.c.o   -c /Users/soleilpqd/PROJECTS/GitDiff/objective-git/External/libssh2/bin/CMakeFiles/CMakeTmp/testCCompiler.c
Linking C executable cmTC_f9b89
/opt/local/bin/cmake -E cmake_link_script CMakeFiles/cmTC_f9b89.dir/link.txt --verbose=1
/Applications/Xcode.app/Contents/Developer/Toolchains/XcodeDefault.xctoolchain/usr/bin/cc   -isysroot /Applications/Xcode.app/Contents/Developer/Platforms/MacOSX.platform/Developer/SDKs/MacOSX10.14.sdk -Wl,-search_paths_first -Wl,-headerpad_max_install_names   CMakeFiles/cmTC_f9b89.dir/testCCompiler.c.o  -o cmTC_f9b89 


Detecting C compiler ABI info compiled with the following output:
Change Dir: /Users/soleilpqd/PROJECTS/GitDiff/objective-git/External/libssh2/bin/CMakeFiles/CMakeTmp

Run Build Command(s):/usr/bin/make cmTC_b32c1/fast 
/Applications/Xcode.app/Contents/Developer/usr/bin/make -f CMakeFiles/cmTC_b32c1.dir/build.make CMakeFiles/cmTC_b32c1.dir/build
Building C object CMakeFiles/cmTC_b32c1.dir/CMakeCCompilerABI.c.o
/Applications/Xcode.app/Contents/Developer/Toolchains/XcodeDefault.xctoolchain/usr/bin/cc   -isysroot /Applications/Xcode.app/Contents/Developer/Platforms/MacOSX.platform/Developer/SDKs/MacOSX10.14.sdk   -v -Wl,-v -o CMakeFiles/cmTC_b32c1.dir/CMakeCCompilerABI.c.o   -c /opt/local/share/cmake-3.14/Modules/CMakeCCompilerABI.c
Apple LLVM version 10.0.1 (clang-1001.0.46.3)
Target: x86_64-apple-darwin18.5.0
Thread model: posix
InstalledDir: /Applications/Xcode.app/Contents/Developer/Toolchains/XcodeDefault.xctoolchain/usr/bin
clang: warning: -Wl,-v: 'linker' input unused [-Wunused-command-line-argument]
 "/Applications/Xcode.app/Contents/Developer/Toolchains/XcodeDefault.xctoolchain/usr/bin/clang" -cc1 -triple x86_64-apple-macosx10.14.0 -Wdeprecated-objc-isa-usage -Werror=deprecated-objc-isa-usage -emit-obj -mrelax-all -disable-free -disable-llvm-verifier -discard-value-names -main-file-name CMakeCCompilerABI.c -mrelocation-model pic -pic-level 2 -mthread-model posix -mdisable-fp-elim -fno-strict-return -masm-verbose -munwind-tables -target-sdk-version=10.14 -target-cpu penryn -dwarf-column-info -debugger-tuning=lldb -target-linker-version 450.3 -v -coverage-notes-file /Users/soleilpqd/PROJECTS/GitDiff/objective-git/External/libssh2/bin/CMakeFiles/CMakeTmp/CMakeFiles/cmTC_b32c1.dir/CMakeCCompilerABI.c.gcno -resource-dir /Applications/Xcode.app/Contents/Developer/Toolchains/XcodeDefault.xctoolchain/usr/lib/clang/10.0.1 -isysroot /Applications/Xcode.app/Contents/Developer/Platforms/MacOSX.platform/Developer/SDKs/MacOSX10.14.sdk -Wno-atomic-implicit-seq-cst -Wno-framework-include-private-from-public -Wno-atimport-in-framework-header -Wno-quoted-include-in-framework-header -fdebug-compilation-dir /Users/soleilpqd/PROJECTS/GitDiff/objective-git/External/libssh2/bin/CMakeFiles/CMakeTmp -ferror-limit 19 -fmessage-length 0 -stack-protector 1 -fblocks -fencode-extended-block-signature -fregister-global-dtors-with-atexit -fobjc-runtime=macosx-10.14.0 -fmax-type-align=16 -fdiagnostics-show-option -o CMakeFiles/cmTC_b32c1.dir/CMakeCCompilerABI.c.o -x c /opt/local/share/cmake-3.14/Modules/CMakeCCompilerABI.c
clang -cc1 version 10.0.1 (clang-1001.0.46.3) default target x86_64-apple-darwin18.5.0
ignoring nonexistent directory "/Applications/Xcode.app/Contents/Developer/Platforms/MacOSX.platform/Developer/SDKs/MacOSX10.14.sdk/usr/local/include"
ignoring nonexistent directory "/Applications/Xcode.app/Contents/Developer/Platforms/MacOSX.platform/Developer/SDKs/MacOSX10.14.sdk/Library/Frameworks"
#include "..." search starts here:
#include <...> search starts here:
 /Applications/Xcode.app/Contents/Developer/Toolchains/XcodeDefault.xctoolchain/usr/lib/clang/10.0.1/include
 /Applications/Xcode.app/Contents/Developer/Toolchains/XcodeDefault.xctoolchain/usr/include
 /Applications/Xcode.app/Contents/Developer/Platforms/MacOSX.platform/Developer/SDKs/MacOSX10.14.sdk/usr/include
 /Applications/Xcode.app/Contents/Developer/Platforms/MacOSX.platform/Developer/SDKs/MacOSX10.14.sdk/System/Library/Frameworks (framework directory)
End of search list.
Linking C executable cmTC_b32c1
/opt/local/bin/cmake -E cmake_link_script CMakeFiles/cmTC_b32c1.dir/link.txt --verbose=1
/Applications/Xcode.app/Contents/Developer/Toolchains/XcodeDefault.xctoolchain/usr/bin/cc   -isysroot /Applications/Xcode.app/Contents/Developer/Platforms/MacOSX.platform/Developer/SDKs/MacOSX10.14.sdk -Wl,-search_paths_first -Wl,-headerpad_max_install_names  -v -Wl,-v CMakeFiles/cmTC_b32c1.dir/CMakeCCompilerABI.c.o  -o cmTC_b32c1 
Apple LLVM version 10.0.1 (clang-1001.0.46.3)
Target: x86_64-apple-darwin18.5.0
Thread model: posix
InstalledDir: /Applications/Xcode.app/Contents/Developer/Toolchains/XcodeDefault.xctoolchain/usr/bin
 "/Applications/Xcode.app/Contents/Developer/Toolchains/XcodeDefault.xctoolchain/usr/bin/ld" -demangle -lto_library /Applications/Xcode.app/Contents/Developer/Toolchains/XcodeDefault.xctoolchain/usr/lib/libLTO.dylib -dynamic -arch x86_64 -macosx_version_min 10.14.0 -syslibroot /Applications/Xcode.app/Contents/Developer/Platforms/MacOSX.platform/Developer/SDKs/MacOSX10.14.sdk -o cmTC_b32c1 -search_paths_first -headerpad_max_install_names -v CMakeFiles/cmTC_b32c1.dir/CMakeCCompilerABI.c.o -lSystem /Applications/Xcode.app/Contents/Developer/Toolchains/XcodeDefault.xctoolchain/usr/lib/clang/10.0.1/lib/darwin/libclang_rt.osx.a
@(#)PROGRAM:ld  PROJECT:ld64-450.3
BUILD 18:01:43 Mar 13 2019
configured to support archs: armv6 armv7 armv7s arm64 arm64e arm64_32 i386 x86_64 x86_64h armv6m armv7k armv7m armv7em
Library search paths:
	/Applications/Xcode.app/Contents/Developer/Platforms/MacOSX.platform/Developer/SDKs/MacOSX10.14.sdk/usr/lib
Framework search paths:
	/Applications/Xcode.app/Contents/Developer/Platforms/MacOSX.platform/Developer/SDKs/MacOSX10.14.sdk/System/Library/Frameworks/


Parsed C implicit include dir info from above output: rv=done
  found start of include info
  found start of implicit include info
    add: [/Applications/Xcode.app/Contents/Developer/Toolchains/XcodeDefault.xctoolchain/usr/lib/clang/10.0.1/include]
    add: [/Applications/Xcode.app/Contents/Developer/Toolchains/XcodeDefault.xctoolchain/usr/include]
    add: [/Applications/Xcode.app/Contents/Developer/Platforms/MacOSX.platform/Developer/SDKs/MacOSX10.14.sdk/usr/include]
  end of search list found
  implicit include dirs: [/Applications/Xcode.app/Contents/Developer/Toolchains/XcodeDefault.xctoolchain/usr/lib/clang/10.0.1/include;/Applications/Xcode.app/Contents/Developer/Toolchains/XcodeDefault.xctoolchain/usr/include;/Applications/Xcode.app/Contents/Developer/Platforms/MacOSX.platform/Developer/SDKs/MacOSX10.14.sdk/usr/include]


Parsed C implicit link information from above output:
  link line regex: [^( *|.*[/\])(ld|CMAKE_LINK_STARTFILE-NOTFOUND|([^/\]+-)?ld|collect2)[^/\]*( |$)]
  ignore line: [Change Dir: /Users/soleilpqd/PROJECTS/GitDiff/objective-git/External/libssh2/bin/CMakeFiles/CMakeTmp]
  ignore line: []
  ignore line: [Run Build Command(s):/usr/bin/make cmTC_b32c1/fast ]
  ignore line: [/Applications/Xcode.app/Contents/Developer/usr/bin/make -f CMakeFiles/cmTC_b32c1.dir/build.make CMakeFiles/cmTC_b32c1.dir/build]
  ignore line: [Building C object CMakeFiles/cmTC_b32c1.dir/CMakeCCompilerABI.c.o]
  ignore line: [/Applications/Xcode.app/Contents/Developer/Toolchains/XcodeDefault.xctoolchain/usr/bin/cc   -isysroot /Applications/Xcode.app/Contents/Developer/Platforms/MacOSX.platform/Developer/SDKs/MacOSX10.14.sdk   -v -Wl,-v -o CMakeFiles/cmTC_b32c1.dir/CMakeCCompilerABI.c.o   -c /opt/local/share/cmake-3.14/Modules/CMakeCCompilerABI.c]
  ignore line: [Apple LLVM version 10.0.1 (clang-1001.0.46.3)]
  ignore line: [Target: x86_64-apple-darwin18.5.0]
  ignore line: [Thread model: posix]
  ignore line: [InstalledDir: /Applications/Xcode.app/Contents/Developer/Toolchains/XcodeDefault.xctoolchain/usr/bin]
  ignore line: [clang: warning: -Wl,-v: 'linker' input unused [-Wunused-command-line-argument]]
  ignore line: [ "/Applications/Xcode.app/Contents/Developer/Toolchains/XcodeDefault.xctoolchain/usr/bin/clang" -cc1 -triple x86_64-apple-macosx10.14.0 -Wdeprecated-objc-isa-usage -Werror=deprecated-objc-isa-usage -emit-obj -mrelax-all -disable-free -disable-llvm-verifier -discard-value-names -main-file-name CMakeCCompilerABI.c -mrelocation-model pic -pic-level 2 -mthread-model posix -mdisable-fp-elim -fno-strict-return -masm-verbose -munwind-tables -target-sdk-version=10.14 -target-cpu penryn -dwarf-column-info -debugger-tuning=lldb -target-linker-version 450.3 -v -coverage-notes-file /Users/soleilpqd/PROJECTS/GitDiff/objective-git/External/libssh2/bin/CMakeFiles/CMakeTmp/CMakeFiles/cmTC_b32c1.dir/CMakeCCompilerABI.c.gcno -resource-dir /Applications/Xcode.app/Contents/Developer/Toolchains/XcodeDefault.xctoolchain/usr/lib/clang/10.0.1 -isysroot /Applications/Xcode.app/Contents/Developer/Platforms/MacOSX.platform/Developer/SDKs/MacOSX10.14.sdk -Wno-atomic-implicit-seq-cst -Wno-framework-include-private-from-public -Wno-atimport-in-framework-header -Wno-quoted-include-in-framework-header -fdebug-compilation-dir /Users/soleilpqd/PROJECTS/GitDiff/objective-git/External/libssh2/bin/CMakeFiles/CMakeTmp -ferror-limit 19 -fmessage-length 0 -stack-protector 1 -fblocks -fencode-extended-block-signature -fregister-global-dtors-with-atexit -fobjc-runtime=macosx-10.14.0 -fmax-type-align=16 -fdiagnostics-show-option -o CMakeFiles/cmTC_b32c1.dir/CMakeCCompilerABI.c.o -x c /opt/local/share/cmake-3.14/Modules/CMakeCCompilerABI.c]
  ignore line: [clang -cc1 version 10.0.1 (clang-1001.0.46.3) default target x86_64-apple-darwin18.5.0]
  ignore line: [ignoring nonexistent directory "/Applications/Xcode.app/Contents/Developer/Platforms/MacOSX.platform/Developer/SDKs/MacOSX10.14.sdk/usr/local/include"]
  ignore line: [ignoring nonexistent directory "/Applications/Xcode.app/Contents/Developer/Platforms/MacOSX.platform/Developer/SDKs/MacOSX10.14.sdk/Library/Frameworks"]
  ignore line: [#include "..." search starts here:]
  ignore line: [#include <...> search starts here:]
  ignore line: [ /Applications/Xcode.app/Contents/Developer/Toolchains/XcodeDefault.xctoolchain/usr/lib/clang/10.0.1/include]
  ignore line: [ /Applications/Xcode.app/Contents/Developer/Toolchains/XcodeDefault.xctoolchain/usr/include]
  ignore line: [ /Applications/Xcode.app/Contents/Developer/Platforms/MacOSX.platform/Developer/SDKs/MacOSX10.14.sdk/usr/include]
  ignore line: [ /Applications/Xcode.app/Contents/Developer/Platforms/MacOSX.platform/Developer/SDKs/MacOSX10.14.sdk/System/Library/Frameworks (framework directory)]
  ignore line: [End of search list.]
  ignore line: [Linking C executable cmTC_b32c1]
  ignore line: [/opt/local/bin/cmake -E cmake_link_script CMakeFiles/cmTC_b32c1.dir/link.txt --verbose=1]
  ignore line: [/Applications/Xcode.app/Contents/Developer/Toolchains/XcodeDefault.xctoolchain/usr/bin/cc   -isysroot /Applications/Xcode.app/Contents/Developer/Platforms/MacOSX.platform/Developer/SDKs/MacOSX10.14.sdk -Wl,-search_paths_first -Wl,-headerpad_max_install_names  -v -Wl,-v CMakeFiles/cmTC_b32c1.dir/CMakeCCompilerABI.c.o  -o cmTC_b32c1 ]
  ignore line: [Apple LLVM version 10.0.1 (clang-1001.0.46.3)]
  ignore line: [Target: x86_64-apple-darwin18.5.0]
  ignore line: [Thread model: posix]
  ignore line: [InstalledDir: /Applications/Xcode.app/Contents/Developer/Toolchains/XcodeDefault.xctoolchain/usr/bin]
  link line: [ "/Applications/Xcode.app/Contents/Developer/Toolchains/XcodeDefault.xctoolchain/usr/bin/ld" -demangle -lto_library /Applications/Xcode.app/Contents/Developer/Toolchains/XcodeDefault.xctoolchain/usr/lib/libLTO.dylib -dynamic -arch x86_64 -macosx_version_min 10.14.0 -syslibroot /Applications/Xcode.app/Contents/Developer/Platforms/MacOSX.platform/Developer/SDKs/MacOSX10.14.sdk -o cmTC_b32c1 -search_paths_first -headerpad_max_install_names -v CMakeFiles/cmTC_b32c1.dir/CMakeCCompilerABI.c.o -lSystem /Applications/Xcode.app/Contents/Developer/Toolchains/XcodeDefault.xctoolchain/usr/lib/clang/10.0.1/lib/darwin/libclang_rt.osx.a]
    arg [/Applications/Xcode.app/Contents/Developer/Toolchains/XcodeDefault.xctoolchain/usr/bin/ld] ==> ignore
    arg [-demangle] ==> ignore
    arg [-lto_library] ==> ignore, skip following value
    arg [/Applications/Xcode.app/Contents/Developer/Toolchains/XcodeDefault.xctoolchain/usr/lib/libLTO.dylib] ==> skip value of -lto_library
    arg [-dynamic] ==> ignore
    arg [-arch] ==> ignore
    arg [x86_64] ==> ignore
    arg [-macosx_version_min] ==> ignore
    arg [10.14.0] ==> ignore
    arg [-syslibroot] ==> ignore
    arg [/Applications/Xcode.app/Contents/Developer/Platforms/MacOSX.platform/Developer/SDKs/MacOSX10.14.sdk] ==> ignore
    arg [-o] ==> ignore
    arg [cmTC_b32c1] ==> ignore
    arg [-search_paths_first] ==> ignore
    arg [-headerpad_max_install_names] ==> ignore
    arg [-v] ==> ignore
    arg [CMakeFiles/cmTC_b32c1.dir/CMakeCCompilerABI.c.o] ==> ignore
    arg [-lSystem] ==> lib [System]
    arg [/Applications/Xcode.app/Contents/Developer/Toolchains/XcodeDefault.xctoolchain/usr/lib/clang/10.0.1/lib/darwin/libclang_rt.osx.a] ==> lib [/Applications/Xcode.app/Contents/Developer/Toolchains/XcodeDefault.xctoolchain/usr/lib/clang/10.0.1/lib/darwin/libclang_rt.osx.a]
  Library search paths: [;/Applications/Xcode.app/Contents/Developer/Platforms/MacOSX.platform/Developer/SDKs/MacOSX10.14.sdk/usr/lib]
  Framework search paths: [;/Applications/Xcode.app/Contents/Developer/Platforms/MacOSX.platform/Developer/SDKs/MacOSX10.14.sdk/System/Library/Frameworks/]
  remove lib [System]
  remove lib [/Applications/Xcode.app/Contents/Developer/Toolchains/XcodeDefault.xctoolchain/usr/lib/clang/10.0.1/lib/darwin/libclang_rt.osx.a]
  collapse library dir [/Applications/Xcode.app/Contents/Developer/Platforms/MacOSX.platform/Developer/SDKs/MacOSX10.14.sdk/usr/lib] ==> [/Applications/Xcode.app/Contents/Developer/Platforms/MacOSX.platform/Developer/SDKs/MacOSX10.14.sdk/usr/lib]
  collapse framework dir [/Applications/Xcode.app/Contents/Developer/Platforms/MacOSX.platform/Developer/SDKs/MacOSX10.14.sdk/System/Library/Frameworks/] ==> [/Applications/Xcode.app/Contents/Developer/Platforms/MacOSX.platform/Developer/SDKs/MacOSX10.14.sdk/System/Library/Frameworks]
  implicit libs: []
  implicit dirs: [/Applications/Xcode.app/Contents/Developer/Platforms/MacOSX.platform/Developer/SDKs/MacOSX10.14.sdk/usr/lib]
  implicit fwks: [/Applications/Xcode.app/Contents/Developer/Platforms/MacOSX.platform/Developer/SDKs/MacOSX10.14.sdk/System/Library/Frameworks]




Detecting C [-std=c11] compiler features compiled with the following output:
Change Dir: /Users/soleilpqd/PROJECTS/GitDiff/objective-git/External/libssh2/bin/CMakeFiles/CMakeTmp

Run Build Command(s):/usr/bin/make cmTC_4eed7/fast 
/Applications/Xcode.app/Contents/Developer/usr/bin/make -f CMakeFiles/cmTC_4eed7.dir/build.make CMakeFiles/cmTC_4eed7.dir/build
Building C object CMakeFiles/cmTC_4eed7.dir/feature_tests.c.o
/Applications/Xcode.app/Contents/Developer/Toolchains/XcodeDefault.xctoolchain/usr/bin/cc   -isysroot /Applications/Xcode.app/Contents/Developer/Platforms/MacOSX.platform/Developer/SDKs/MacOSX10.14.sdk   -std=c11 -o CMakeFiles/cmTC_4eed7.dir/feature_tests.c.o   -c /Users/soleilpqd/PROJECTS/GitDiff/objective-git/External/libssh2/bin/CMakeFiles/feature_tests.c
Linking C executable cmTC_4eed7
/opt/local/bin/cmake -E cmake_link_script CMakeFiles/cmTC_4eed7.dir/link.txt --verbose=1
/Applications/Xcode.app/Contents/Developer/Toolchains/XcodeDefault.xctoolchain/usr/bin/cc   -isysroot /Applications/Xcode.app/Contents/Developer/Platforms/MacOSX.platform/Developer/SDKs/MacOSX10.14.sdk -Wl,-search_paths_first -Wl,-headerpad_max_install_names   CMakeFiles/cmTC_4eed7.dir/feature_tests.c.o  -o cmTC_4eed7 


    Feature record: C_FEATURE:1c_function_prototypes
    Feature record: C_FEATURE:1c_restrict
    Feature record: C_FEATURE:1c_static_assert
    Feature record: C_FEATURE:1c_variadic_macros


Detecting C [-std=c99] compiler features compiled with the following output:
Change Dir: /Users/soleilpqd/PROJECTS/GitDiff/objective-git/External/libssh2/bin/CMakeFiles/CMakeTmp

Run Build Command(s):/usr/bin/make cmTC_e5b91/fast 
/Applications/Xcode.app/Contents/Developer/usr/bin/make -f CMakeFiles/cmTC_e5b91.dir/build.make CMakeFiles/cmTC_e5b91.dir/build
Building C object CMakeFiles/cmTC_e5b91.dir/feature_tests.c.o
/Applications/Xcode.app/Contents/Developer/Toolchains/XcodeDefault.xctoolchain/usr/bin/cc   -isysroot /Applications/Xcode.app/Contents/Developer/Platforms/MacOSX.platform/Developer/SDKs/MacOSX10.14.sdk   -std=c99 -o CMakeFiles/cmTC_e5b91.dir/feature_tests.c.o   -c /Users/soleilpqd/PROJECTS/GitDiff/objective-git/External/libssh2/bin/CMakeFiles/feature_tests.c
Linking C executable cmTC_e5b91
/opt/local/bin/cmake -E cmake_link_script CMakeFiles/cmTC_e5b91.dir/link.txt --verbose=1
/Applications/Xcode.app/Contents/Developer/Toolchains/XcodeDefault.xctoolchain/usr/bin/cc   -isysroot /Applications/Xcode.app/Contents/Developer/Platforms/MacOSX.platform/Developer/SDKs/MacOSX10.14.sdk -Wl,-search_paths_first -Wl,-headerpad_max_install_names   CMakeFiles/cmTC_e5b91.dir/feature_tests.c.o  -o cmTC_e5b91 


    Feature record: C_FEATURE:1c_function_prototypes
    Feature record: C_FEATURE:1c_restrict
    Feature record: C_FEATURE:0c_static_assert
    Feature record: C_FEATURE:1c_variadic_macros


Detecting C [-std=c90] compiler features compiled with the following output:
Change Dir: /Users/soleilpqd/PROJECTS/GitDiff/objective-git/External/libssh2/bin/CMakeFiles/CMakeTmp

Run Build Command(s):/usr/bin/make cmTC_049c1/fast 
/Applications/Xcode.app/Contents/Developer/usr/bin/make -f CMakeFiles/cmTC_049c1.dir/build.make CMakeFiles/cmTC_049c1.dir/build
Building C object CMakeFiles/cmTC_049c1.dir/feature_tests.c.o
/Applications/Xcode.app/Contents/Developer/Toolchains/XcodeDefault.xctoolchain/usr/bin/cc   -isysroot /Applications/Xcode.app/Contents/Developer/Platforms/MacOSX.platform/Developer/SDKs/MacOSX10.14.sdk   -std=c90 -o CMakeFiles/cmTC_049c1.dir/feature_tests.c.o   -c /Users/soleilpqd/PROJECTS/GitDiff/objective-git/External/libssh2/bin/CMakeFiles/feature_tests.c
Linking C executable cmTC_049c1
/opt/local/bin/cmake -E cmake_link_script CMakeFiles/cmTC_049c1.dir/link.txt --verbose=1
/Applications/Xcode.app/Contents/Developer/Toolchains/XcodeDefault.xctoolchain/usr/bin/cc   -isysroot /Applications/Xcode.app/Contents/Developer/Platforms/MacOSX.platform/Developer/SDKs/MacOSX10.14.sdk -Wl,-search_paths_first -Wl,-headerpad_max_install_names   CMakeFiles/cmTC_049c1.dir/feature_tests.c.o  -o cmTC_049c1 


    Feature record: C_FEATURE:1c_function_prototypes
    Feature record: C_FEATURE:0c_restrict
    Feature record: C_FEATURE:0c_static_assert
    Feature record: C_FEATURE:0c_variadic_macros
Determining if the function EVP_aes_128_ctr exists passed with the following output:
Change Dir: /Users/soleilpqd/PROJECTS/GitDiff/objective-git/External/libssh2/bin/CMakeFiles/CMakeTmp

Run Build Command(s):/usr/bin/make cmTC_61b06/fast 
/Applications/Xcode.app/Contents/Developer/usr/bin/make -f CMakeFiles/cmTC_61b06.dir/build.make CMakeFiles/cmTC_61b06.dir/build
Building C object CMakeFiles/cmTC_61b06.dir/CheckFunctionExists.c.o
/Applications/Xcode.app/Contents/Developer/Toolchains/XcodeDefault.xctoolchain/usr/bin/cc   -DCHECK_FUNCTION_EXISTS=EVP_aes_128_ctr -isysroot /Applications/Xcode.app/Contents/Developer/Platforms/MacOSX.platform/Developer/SDKs/MacOSX10.14.sdk   -o CMakeFiles/cmTC_61b06.dir/CheckFunctionExists.c.o   -c /opt/local/share/cmake-3.14/Modules/CheckFunctionExists.c
Linking C executable cmTC_61b06
/opt/local/bin/cmake -E cmake_link_script CMakeFiles/cmTC_61b06.dir/link.txt --verbose=1
/Applications/Xcode.app/Contents/Developer/Toolchains/XcodeDefault.xctoolchain/usr/bin/cc  -DCHECK_FUNCTION_EXISTS=EVP_aes_128_ctr -isysroot /Applications/Xcode.app/Contents/Developer/Platforms/MacOSX.platform/Developer/SDKs/MacOSX10.14.sdk -Wl,-search_paths_first -Wl,-headerpad_max_install_names   CMakeFiles/cmTC_61b06.dir/CheckFunctionExists.c.o  -o cmTC_61b06 /opt/local/lib/libssl.dylib /opt/local/lib/libcrypto.dylib 


Determining if files unistd.h exist passed with the following output:
Change Dir: /Users/soleilpqd/PROJECTS/GitDiff/objective-git/External/libssh2/bin/CMakeFiles/CMakeTmp

Run Build Command(s):/usr/bin/make cmTC_761be/fast 
/Applications/Xcode.app/Contents/Developer/usr/bin/make -f CMakeFiles/cmTC_761be.dir/build.make CMakeFiles/cmTC_761be.dir/build
Building C object CMakeFiles/cmTC_761be.dir/HAVE_UNISTD_H.c.o
/Applications/Xcode.app/Contents/Developer/Toolchains/XcodeDefault.xctoolchain/usr/bin/cc   -isysroot /Applications/Xcode.app/Contents/Developer/Platforms/MacOSX.platform/Developer/SDKs/MacOSX10.14.sdk   -o CMakeFiles/cmTC_761be.dir/HAVE_UNISTD_H.c.o   -c /Users/soleilpqd/PROJECTS/GitDiff/objective-git/External/libssh2/bin/CMakeFiles/CheckIncludeFiles/HAVE_UNISTD_H.c
Linking C executable cmTC_761be
/opt/local/bin/cmake -E cmake_link_script CMakeFiles/cmTC_761be.dir/link.txt --verbose=1
/Applications/Xcode.app/Contents/Developer/Toolchains/XcodeDefault.xctoolchain/usr/bin/cc   -isysroot /Applications/Xcode.app/Contents/Developer/Platforms/MacOSX.platform/Developer/SDKs/MacOSX10.14.sdk -Wl,-search_paths_first -Wl,-headerpad_max_install_names   CMakeFiles/cmTC_761be.dir/HAVE_UNISTD_H.c.o  -o cmTC_761be 


Determining if files inttypes.h exist passed with the following output:
Change Dir: /Users/soleilpqd/PROJECTS/GitDiff/objective-git/External/libssh2/bin/CMakeFiles/CMakeTmp

Run Build Command(s):/usr/bin/make cmTC_667e1/fast 
/Applications/Xcode.app/Contents/Developer/usr/bin/make -f CMakeFiles/cmTC_667e1.dir/build.make CMakeFiles/cmTC_667e1.dir/build
Building C object CMakeFiles/cmTC_667e1.dir/HAVE_INTTYPES_H.c.o
/Applications/Xcode.app/Contents/Developer/Toolchains/XcodeDefault.xctoolchain/usr/bin/cc   -isysroot /Applications/Xcode.app/Contents/Developer/Platforms/MacOSX.platform/Developer/SDKs/MacOSX10.14.sdk   -o CMakeFiles/cmTC_667e1.dir/HAVE_INTTYPES_H.c.o   -c /Users/soleilpqd/PROJECTS/GitDiff/objective-git/External/libssh2/bin/CMakeFiles/CheckIncludeFiles/HAVE_INTTYPES_H.c
Linking C executable cmTC_667e1
/opt/local/bin/cmake -E cmake_link_script CMakeFiles/cmTC_667e1.dir/link.txt --verbose=1
/Applications/Xcode.app/Contents/Developer/Toolchains/XcodeDefault.xctoolchain/usr/bin/cc   -isysroot /Applications/Xcode.app/Contents/Developer/Platforms/MacOSX.platform/Developer/SDKs/MacOSX10.14.sdk -Wl,-search_paths_first -Wl,-headerpad_max_install_names   CMakeFiles/cmTC_667e1.dir/HAVE_INTTYPES_H.c.o  -o cmTC_667e1 


Determining if files stdlib.h exist passed with the following output:
Change Dir: /Users/soleilpqd/PROJECTS/GitDiff/objective-git/External/libssh2/bin/CMakeFiles/CMakeTmp

Run Build Command(s):/usr/bin/make cmTC_a7af4/fast 
/Applications/Xcode.app/Contents/Developer/usr/bin/make -f CMakeFiles/cmTC_a7af4.dir/build.make CMakeFiles/cmTC_a7af4.dir/build
Building C object CMakeFiles/cmTC_a7af4.dir/HAVE_STDLIB_H.c.o
/Applications/Xcode.app/Contents/Developer/Toolchains/XcodeDefault.xctoolchain/usr/bin/cc   -isysroot /Applications/Xcode.app/Contents/Developer/Platforms/MacOSX.platform/Developer/SDKs/MacOSX10.14.sdk   -o CMakeFiles/cmTC_a7af4.dir/HAVE_STDLIB_H.c.o   -c /Users/soleilpqd/PROJECTS/GitDiff/objective-git/External/libssh2/bin/CMakeFiles/CheckIncludeFiles/HAVE_STDLIB_H.c
Linking C executable cmTC_a7af4
/opt/local/bin/cmake -E cmake_link_script CMakeFiles/cmTC_a7af4.dir/link.txt --verbose=1
/Applications/Xcode.app/Contents/Developer/Toolchains/XcodeDefault.xctoolchain/usr/bin/cc   -isysroot /Applications/Xcode.app/Contents/Developer/Platforms/MacOSX.platform/Developer/SDKs/MacOSX10.14.sdk -Wl,-search_paths_first -Wl,-headerpad_max_install_names   CMakeFiles/cmTC_a7af4.dir/HAVE_STDLIB_H.c.o  -o cmTC_a7af4 


Determining if files sys/select.h exist passed with the following output:
Change Dir: /Users/soleilpqd/PROJECTS/GitDiff/objective-git/External/libssh2/bin/CMakeFiles/CMakeTmp

Run Build Command(s):/usr/bin/make cmTC_940dd/fast 
/Applications/Xcode.app/Contents/Developer/usr/bin/make -f CMakeFiles/cmTC_940dd.dir/build.make CMakeFiles/cmTC_940dd.dir/build
Building C object CMakeFiles/cmTC_940dd.dir/HAVE_SYS_SELECT_H.c.o
/Applications/Xcode.app/Contents/Developer/Toolchains/XcodeDefault.xctoolchain/usr/bin/cc   -isysroot /Applications/Xcode.app/Contents/Developer/Platforms/MacOSX.platform/Developer/SDKs/MacOSX10.14.sdk   -o CMakeFiles/cmTC_940dd.dir/HAVE_SYS_SELECT_H.c.o   -c /Users/soleilpqd/PROJECTS/GitDiff/objective-git/External/libssh2/bin/CMakeFiles/CheckIncludeFiles/HAVE_SYS_SELECT_H.c
Linking C executable cmTC_940dd
/opt/local/bin/cmake -E cmake_link_script CMakeFiles/cmTC_940dd.dir/link.txt --verbose=1
/Applications/Xcode.app/Contents/Developer/Toolchains/XcodeDefault.xctoolchain/usr/bin/cc   -isysroot /Applications/Xcode.app/Contents/Developer/Platforms/MacOSX.platform/Developer/SDKs/MacOSX10.14.sdk -Wl,-search_paths_first -Wl,-headerpad_max_install_names   CMakeFiles/cmTC_940dd.dir/HAVE_SYS_SELECT_H.c.o  -o cmTC_940dd 


Determining if files sys/uio.h exist passed with the following output:
Change Dir: /Users/soleilpqd/PROJECTS/GitDiff/objective-git/External/libssh2/bin/CMakeFiles/CMakeTmp

Run Build Command(s):/usr/bin/make cmTC_80217/fast 
/Applications/Xcode.app/Contents/Developer/usr/bin/make -f CMakeFiles/cmTC_80217.dir/build.make CMakeFiles/cmTC_80217.dir/build
Building C object CMakeFiles/cmTC_80217.dir/HAVE_SYS_UIO_H.c.o
/Applications/Xcode.app/Contents/Developer/Toolchains/XcodeDefault.xctoolchain/usr/bin/cc   -isysroot /Applications/Xcode.app/Contents/Developer/Platforms/MacOSX.platform/Developer/SDKs/MacOSX10.14.sdk   -o CMakeFiles/cmTC_80217.dir/HAVE_SYS_UIO_H.c.o   -c /Users/soleilpqd/PROJECTS/GitDiff/objective-git/External/libssh2/bin/CMakeFiles/CheckIncludeFiles/HAVE_SYS_UIO_H.c
Linking C executable cmTC_80217
/opt/local/bin/cmake -E cmake_link_script CMakeFiles/cmTC_80217.dir/link.txt --verbose=1
/Applications/Xcode.app/Contents/Developer/Toolchains/XcodeDefault.xctoolchain/usr/bin/cc   -isysroot /Applications/Xcode.app/Contents/Developer/Platforms/MacOSX.platform/Developer/SDKs/MacOSX10.14.sdk -Wl,-search_paths_first -Wl,-headerpad_max_install_names   CMakeFiles/cmTC_80217.dir/HAVE_SYS_UIO_H.c.o  -o cmTC_80217 


Determining if files sys/socket.h exist passed with the following output:
Change Dir: /Users/soleilpqd/PROJECTS/GitDiff/objective-git/External/libssh2/bin/CMakeFiles/CMakeTmp

Run Build Command(s):/usr/bin/make cmTC_04acb/fast 
/Applications/Xcode.app/Contents/Developer/usr/bin/make -f CMakeFiles/cmTC_04acb.dir/build.make CMakeFiles/cmTC_04acb.dir/build
Building C object CMakeFiles/cmTC_04acb.dir/HAVE_SYS_SOCKET_H.c.o
/Applications/Xcode.app/Contents/Developer/Toolchains/XcodeDefault.xctoolchain/usr/bin/cc   -isysroot /Applications/Xcode.app/Contents/Developer/Platforms/MacOSX.platform/Developer/SDKs/MacOSX10.14.sdk   -o CMakeFiles/cmTC_04acb.dir/HAVE_SYS_SOCKET_H.c.o   -c /Users/soleilpqd/PROJECTS/GitDiff/objective-git/External/libssh2/bin/CMakeFiles/CheckIncludeFiles/HAVE_SYS_SOCKET_H.c
Linking C executable cmTC_04acb
/opt/local/bin/cmake -E cmake_link_script CMakeFiles/cmTC_04acb.dir/link.txt --verbose=1
/Applications/Xcode.app/Contents/Developer/Toolchains/XcodeDefault.xctoolchain/usr/bin/cc   -isysroot /Applications/Xcode.app/Contents/Developer/Platforms/MacOSX.platform/Developer/SDKs/MacOSX10.14.sdk -Wl,-search_paths_first -Wl,-headerpad_max_install_names   CMakeFiles/cmTC_04acb.dir/HAVE_SYS_SOCKET_H.c.o  -o cmTC_04acb 


Determining if files sys/ioctl.h exist passed with the following output:
Change Dir: /Users/soleilpqd/PROJECTS/GitDiff/objective-git/External/libssh2/bin/CMakeFiles/CMakeTmp

Run Build Command(s):/usr/bin/make cmTC_70462/fast 
/Applications/Xcode.app/Contents/Developer/usr/bin/make -f CMakeFiles/cmTC_70462.dir/build.make CMakeFiles/cmTC_70462.dir/build
Building C object CMakeFiles/cmTC_70462.dir/HAVE_SYS_IOCTL_H.c.o
/Applications/Xcode.app/Contents/Developer/Toolchains/XcodeDefault.xctoolchain/usr/bin/cc   -isysroot /Applications/Xcode.app/Contents/Developer/Platforms/MacOSX.platform/Developer/SDKs/MacOSX10.14.sdk   -o CMakeFiles/cmTC_70462.dir/HAVE_SYS_IOCTL_H.c.o   -c /Users/soleilpqd/PROJECTS/GitDiff/objective-git/External/libssh2/bin/CMakeFiles/CheckIncludeFiles/HAVE_SYS_IOCTL_H.c
Linking C executable cmTC_70462
/opt/local/bin/cmake -E cmake_link_script CMakeFiles/cmTC_70462.dir/link.txt --verbose=1
/Applications/Xcode.app/Contents/Developer/Toolchains/XcodeDefault.xctoolchain/usr/bin/cc   -isysroot /Applications/Xcode.app/Contents/Developer/Platforms/MacOSX.platform/Developer/SDKs/MacOSX10.14.sdk -Wl,-search_paths_first -Wl,-headerpad_max_install_names   CMakeFiles/cmTC_70462.dir/HAVE_SYS_IOCTL_H.c.o  -o cmTC_70462 


Determining if files sys/time.h exist passed with the following output:
Change Dir: /Users/soleilpqd/PROJECTS/GitDiff/objective-git/External/libssh2/bin/CMakeFiles/CMakeTmp

Run Build Command(s):/usr/bin/make cmTC_91f11/fast 
/Applications/Xcode.app/Contents/Developer/usr/bin/make -f CMakeFiles/cmTC_91f11.dir/build.make CMakeFiles/cmTC_91f11.dir/build
Building C object CMakeFiles/cmTC_91f11.dir/HAVE_SYS_TIME_H.c.o
/Applications/Xcode.app/Contents/Developer/Toolchains/XcodeDefault.xctoolchain/usr/bin/cc   -isysroot /Applications/Xcode.app/Contents/Developer/Platforms/MacOSX.platform/Developer/SDKs/MacOSX10.14.sdk   -o CMakeFiles/cmTC_91f11.dir/HAVE_SYS_TIME_H.c.o   -c /Users/soleilpqd/PROJECTS/GitDiff/objective-git/External/libssh2/bin/CMakeFiles/CheckIncludeFiles/HAVE_SYS_TIME_H.c
Linking C executable cmTC_91f11
/opt/local/bin/cmake -E cmake_link_script CMakeFiles/cmTC_91f11.dir/link.txt --verbose=1
/Applications/Xcode.app/Contents/Developer/Toolchains/XcodeDefault.xctoolchain/usr/bin/cc   -isysroot /Applications/Xcode.app/Contents/Developer/Platforms/MacOSX.platform/Developer/SDKs/MacOSX10.14.sdk -Wl,-search_paths_first -Wl,-headerpad_max_install_names   CMakeFiles/cmTC_91f11.dir/HAVE_SYS_TIME_H.c.o  -o cmTC_91f11 


Determining if files sys/un.h exist passed with the following output:
Change Dir: /Users/soleilpqd/PROJECTS/GitDiff/objective-git/External/libssh2/bin/CMakeFiles/CMakeTmp

Run Build Command(s):/usr/bin/make cmTC_d343b/fast 
/Applications/Xcode.app/Contents/Developer/usr/bin/make -f CMakeFiles/cmTC_d343b.dir/build.make CMakeFiles/cmTC_d343b.dir/build
Building C object CMakeFiles/cmTC_d343b.dir/HAVE_SYS_UN_H.c.o
/Applications/Xcode.app/Contents/Developer/Toolchains/XcodeDefault.xctoolchain/usr/bin/cc   -isysroot /Applications/Xcode.app/Contents/Developer/Platforms/MacOSX.platform/Developer/SDKs/MacOSX10.14.sdk   -o CMakeFiles/cmTC_d343b.dir/HAVE_SYS_UN_H.c.o   -c /Users/soleilpqd/PROJECTS/GitDiff/objective-git/External/libssh2/bin/CMakeFiles/CheckIncludeFiles/HAVE_SYS_UN_H.c
Linking C executable cmTC_d343b
/opt/local/bin/cmake -E cmake_link_script CMakeFiles/cmTC_d343b.dir/link.txt --verbose=1
/Applications/Xcode.app/Contents/Developer/Toolchains/XcodeDefault.xctoolchain/usr/bin/cc   -isysroot /Applications/Xcode.app/Contents/Developer/Platforms/MacOSX.platform/Developer/SDKs/MacOSX10.14.sdk -Wl,-search_paths_first -Wl,-headerpad_max_install_names   CMakeFiles/cmTC_d343b.dir/HAVE_SYS_UN_H.c.o  -o cmTC_d343b 


Determining if the include file sys/types.h exists passed with the following output:
Change Dir: /Users/soleilpqd/PROJECTS/GitDiff/objective-git/External/libssh2/bin/CMakeFiles/CMakeTmp

Run Build Command(s):/usr/bin/make cmTC_caca3/fast 
/Applications/Xcode.app/Contents/Developer/usr/bin/make -f CMakeFiles/cmTC_caca3.dir/build.make CMakeFiles/cmTC_caca3.dir/build
Building C object CMakeFiles/cmTC_caca3.dir/CheckIncludeFile.c.o
/Applications/Xcode.app/Contents/Developer/Toolchains/XcodeDefault.xctoolchain/usr/bin/cc   -isysroot /Applications/Xcode.app/Contents/Developer/Platforms/MacOSX.platform/Developer/SDKs/MacOSX10.14.sdk   -o CMakeFiles/cmTC_caca3.dir/CheckIncludeFile.c.o   -c /Users/soleilpqd/PROJECTS/GitDiff/objective-git/External/libssh2/bin/CMakeFiles/CMakeTmp/CheckIncludeFile.c
Linking C executable cmTC_caca3
/opt/local/bin/cmake -E cmake_link_script CMakeFiles/cmTC_caca3.dir/link.txt --verbose=1
/Applications/Xcode.app/Contents/Developer/Toolchains/XcodeDefault.xctoolchain/usr/bin/cc   -isysroot /Applications/Xcode.app/Contents/Developer/Platforms/MacOSX.platform/Developer/SDKs/MacOSX10.14.sdk -Wl,-search_paths_first -Wl,-headerpad_max_install_names   CMakeFiles/cmTC_caca3.dir/CheckIncludeFile.c.o  -o cmTC_caca3 


Determining if the include file stdint.h exists passed with the following output:
Change Dir: /Users/soleilpqd/PROJECTS/GitDiff/objective-git/External/libssh2/bin/CMakeFiles/CMakeTmp

Run Build Command(s):/usr/bin/make cmTC_3214f/fast 
/Applications/Xcode.app/Contents/Developer/usr/bin/make -f CMakeFiles/cmTC_3214f.dir/build.make CMakeFiles/cmTC_3214f.dir/build
Building C object CMakeFiles/cmTC_3214f.dir/CheckIncludeFile.c.o
/Applications/Xcode.app/Contents/Developer/Toolchains/XcodeDefault.xctoolchain/usr/bin/cc   -isysroot /Applications/Xcode.app/Contents/Developer/Platforms/MacOSX.platform/Developer/SDKs/MacOSX10.14.sdk   -o CMakeFiles/cmTC_3214f.dir/CheckIncludeFile.c.o   -c /Users/soleilpqd/PROJECTS/GitDiff/objective-git/External/libssh2/bin/CMakeFiles/CMakeTmp/CheckIncludeFile.c
Linking C executable cmTC_3214f
/opt/local/bin/cmake -E cmake_link_script CMakeFiles/cmTC_3214f.dir/link.txt --verbose=1
/Applications/Xcode.app/Contents/Developer/Toolchains/XcodeDefault.xctoolchain/usr/bin/cc   -isysroot /Applications/Xcode.app/Contents/Developer/Platforms/MacOSX.platform/Developer/SDKs/MacOSX10.14.sdk -Wl,-search_paths_first -Wl,-headerpad_max_install_names   CMakeFiles/cmTC_3214f.dir/CheckIncludeFile.c.o  -o cmTC_3214f 


Determining if the include file stddef.h exists passed with the following output:
Change Dir: /Users/soleilpqd/PROJECTS/GitDiff/objective-git/External/libssh2/bin/CMakeFiles/CMakeTmp

Run Build Command(s):/usr/bin/make cmTC_9153c/fast 
/Applications/Xcode.app/Contents/Developer/usr/bin/make -f CMakeFiles/cmTC_9153c.dir/build.make CMakeFiles/cmTC_9153c.dir/build
Building C object CMakeFiles/cmTC_9153c.dir/CheckIncludeFile.c.o
/Applications/Xcode.app/Contents/Developer/Toolchains/XcodeDefault.xctoolchain/usr/bin/cc   -isysroot /Applications/Xcode.app/Contents/Developer/Platforms/MacOSX.platform/Developer/SDKs/MacOSX10.14.sdk   -o CMakeFiles/cmTC_9153c.dir/CheckIncludeFile.c.o   -c /Users/soleilpqd/PROJECTS/GitDiff/objective-git/External/libssh2/bin/CMakeFiles/CMakeTmp/CheckIncludeFile.c
Linking C executable cmTC_9153c
/opt/local/bin/cmake -E cmake_link_script CMakeFiles/cmTC_9153c.dir/link.txt --verbose=1
/Applications/Xcode.app/Contents/Developer/Toolchains/XcodeDefault.xctoolchain/usr/bin/cc   -isysroot /Applications/Xcode.app/Contents/Developer/Platforms/MacOSX.platform/Developer/SDKs/MacOSX10.14.sdk -Wl,-search_paths_first -Wl,-headerpad_max_install_names   CMakeFiles/cmTC_9153c.dir/CheckIncludeFile.c.o  -o cmTC_9153c 


Determining size of long long passed with the following output:
Change Dir: /Users/soleilpqd/PROJECTS/GitDiff/objective-git/External/libssh2/bin/CMakeFiles/CMakeTmp

Run Build Command(s):/usr/bin/make cmTC_9220f/fast 
/Applications/Xcode.app/Contents/Developer/usr/bin/make -f CMakeFiles/cmTC_9220f.dir/build.make CMakeFiles/cmTC_9220f.dir/build
Building C object CMakeFiles/cmTC_9220f.dir/LONGLONG.c.o
/Applications/Xcode.app/Contents/Developer/Toolchains/XcodeDefault.xctoolchain/usr/bin/cc   -isysroot /Applications/Xcode.app/Contents/Developer/Platforms/MacOSX.platform/Developer/SDKs/MacOSX10.14.sdk   -o CMakeFiles/cmTC_9220f.dir/LONGLONG.c.o   -c /Users/soleilpqd/PROJECTS/GitDiff/objective-git/External/libssh2/bin/CMakeFiles/CheckTypeSize/LONGLONG.c
Linking C executable cmTC_9220f
/opt/local/bin/cmake -E cmake_link_script CMakeFiles/cmTC_9220f.dir/link.txt --verbose=1
/Applications/Xcode.app/Contents/Developer/Toolchains/XcodeDefault.xctoolchain/usr/bin/cc   -isysroot /Applications/Xcode.app/Contents/Developer/Platforms/MacOSX.platform/Developer/SDKs/MacOSX10.14.sdk -Wl,-search_paths_first -Wl,-headerpad_max_install_names   CMakeFiles/cmTC_9220f.dir/LONGLONG.c.o  -o cmTC_9220f 


Determining if the gettimeofday exist passed with the following output:
Change Dir: /Users/soleilpqd/PROJECTS/GitDiff/objective-git/External/libssh2/bin/CMakeFiles/CMakeTmp

Run Build Command(s):/usr/bin/make cmTC_02a65/fast 
/Applications/Xcode.app/Contents/Developer/usr/bin/make -f CMakeFiles/cmTC_02a65.dir/build.make CMakeFiles/cmTC_02a65.dir/build
Building C object CMakeFiles/cmTC_02a65.dir/CheckSymbolExists.c.o
/Applications/Xcode.app/Contents/Developer/Toolchains/XcodeDefault.xctoolchain/usr/bin/cc   -isysroot /Applications/Xcode.app/Contents/Developer/Platforms/MacOSX.platform/Developer/SDKs/MacOSX10.14.sdk   -o CMakeFiles/cmTC_02a65.dir/CheckSymbolExists.c.o   -c /Users/soleilpqd/PROJECTS/GitDiff/objective-git/External/libssh2/bin/CMakeFiles/CMakeTmp/CheckSymbolExists.c
Linking C executable cmTC_02a65
/opt/local/bin/cmake -E cmake_link_script CMakeFiles/cmTC_02a65.dir/link.txt --verbose=1
/Applications/Xcode.app/Contents/Developer/Toolchains/XcodeDefault.xctoolchain/usr/bin/cc   -isysroot /Applications/Xcode.app/Contents/Developer/Platforms/MacOSX.platform/Developer/SDKs/MacOSX10.14.sdk -Wl,-search_paths_first -Wl,-headerpad_max_install_names   CMakeFiles/cmTC_02a65.dir/CheckSymbolExists.c.o  -o cmTC_02a65 

File /Users/soleilpqd/PROJECTS/GitDiff/objective-git/External/libssh2/bin/CMakeFiles/CMakeTmp/CheckSymbolExists.c:
/* */
#include <sys/time.h>

int main(int argc, char** argv)
{
  (void)argv;
#ifndef gettimeofday
  return ((int*)(&gettimeofday))[argc];
#else
  (void)argc;
  return 0;
#endif
}

Determining if the strtoll exist passed with the following output:
Change Dir: /Users/soleilpqd/PROJECTS/GitDiff/objective-git/External/libssh2/bin/CMakeFiles/CMakeTmp

Run Build Command(s):/usr/bin/make cmTC_f8e98/fast 
/Applications/Xcode.app/Contents/Developer/usr/bin/make -f CMakeFiles/cmTC_f8e98.dir/build.make CMakeFiles/cmTC_f8e98.dir/build
Building C object CMakeFiles/cmTC_f8e98.dir/CheckSymbolExists.c.o
/Applications/Xcode.app/Contents/Developer/Toolchains/XcodeDefault.xctoolchain/usr/bin/cc   -isysroot /Applications/Xcode.app/Contents/Developer/Platforms/MacOSX.platform/Developer/SDKs/MacOSX10.14.sdk   -o CMakeFiles/cmTC_f8e98.dir/CheckSymbolExists.c.o   -c /Users/soleilpqd/PROJECTS/GitDiff/objective-git/External/libssh2/bin/CMakeFiles/CMakeTmp/CheckSymbolExists.c
Linking C executable cmTC_f8e98
/opt/local/bin/cmake -E cmake_link_script CMakeFiles/cmTC_f8e98.dir/link.txt --verbose=1
/Applications/Xcode.app/Contents/Developer/Toolchains/XcodeDefault.xctoolchain/usr/bin/cc   -isysroot /Applications/Xcode.app/Contents/Developer/Platforms/MacOSX.platform/Developer/SDKs/MacOSX10.14.sdk -Wl,-search_paths_first -Wl,-headerpad_max_install_names   CMakeFiles/cmTC_f8e98.dir/CheckSymbolExists.c.o  -o cmTC_f8e98 

File /Users/soleilpqd/PROJECTS/GitDiff/objective-git/External/libssh2/bin/CMakeFiles/CMakeTmp/CheckSymbolExists.c:
/* */
#include <stdlib.h>

int main(int argc, char** argv)
{
  (void)argv;
#ifndef strtoll
  return ((int*)(&strtoll))[argc];
#else
  (void)argc;
  return 0;
#endif
}

Determining if the snprintf exist passed with the following output:
Change Dir: /Users/soleilpqd/PROJECTS/GitDiff/objective-git/External/libssh2/bin/CMakeFiles/CMakeTmp

Run Build Command(s):/usr/bin/make cmTC_c5854/fast 
/Applications/Xcode.app/Contents/Developer/usr/bin/make -f CMakeFiles/cmTC_c5854.dir/build.make CMakeFiles/cmTC_c5854.dir/build
Building C object CMakeFiles/cmTC_c5854.dir/CheckSymbolExists.c.o
/Applications/Xcode.app/Contents/Developer/Toolchains/XcodeDefault.xctoolchain/usr/bin/cc   -isysroot /Applications/Xcode.app/Contents/Developer/Platforms/MacOSX.platform/Developer/SDKs/MacOSX10.14.sdk   -o CMakeFiles/cmTC_c5854.dir/CheckSymbolExists.c.o   -c /Users/soleilpqd/PROJECTS/GitDiff/objective-git/External/libssh2/bin/CMakeFiles/CMakeTmp/CheckSymbolExists.c
Linking C executable cmTC_c5854
/opt/local/bin/cmake -E cmake_link_script CMakeFiles/cmTC_c5854.dir/link.txt --verbose=1
/Applications/Xcode.app/Contents/Developer/Toolchains/XcodeDefault.xctoolchain/usr/bin/cc   -isysroot /Applications/Xcode.app/Contents/Developer/Platforms/MacOSX.platform/Developer/SDKs/MacOSX10.14.sdk -Wl,-search_paths_first -Wl,-headerpad_max_install_names   CMakeFiles/cmTC_c5854.dir/CheckSymbolExists.c.o  -o cmTC_c5854 

File /Users/soleilpqd/PROJECTS/GitDiff/objective-git/External/libssh2/bin/CMakeFiles/CMakeTmp/CheckSymbolExists.c:
/* */
#include <stdio.h>

int main(int argc, char** argv)
{
  (void)argv;
#ifndef snprintf
  return ((int*)(&snprintf))[argc];
#else
  (void)argc;
  return 0;
#endif
}

Determining if the function socket exists passed with the following output:
Change Dir: /Users/soleilpqd/PROJECTS/GitDiff/objective-git/External/libssh2/bin/CMakeFiles/CMakeTmp

Run Build Command(s):/usr/bin/make cmTC_97a19/fast 
/Applications/Xcode.app/Contents/Developer/usr/bin/make -f CMakeFiles/cmTC_97a19.dir/build.make CMakeFiles/cmTC_97a19.dir/build
Building C object CMakeFiles/cmTC_97a19.dir/CheckFunctionExists.c.o
/Applications/Xcode.app/Contents/Developer/Toolchains/XcodeDefault.xctoolchain/usr/bin/cc   -DCHECK_FUNCTION_EXISTS=socket -isysroot /Applications/Xcode.app/Contents/Developer/Platforms/MacOSX.platform/Developer/SDKs/MacOSX10.14.sdk   -o CMakeFiles/cmTC_97a19.dir/CheckFunctionExists.c.o   -c /opt/local/share/cmake-3.14/Modules/CheckFunctionExists.c
Linking C executable cmTC_97a19
/opt/local/bin/cmake -E cmake_link_script CMakeFiles/cmTC_97a19.dir/link.txt --verbose=1
/Applications/Xcode.app/Contents/Developer/Toolchains/XcodeDefault.xctoolchain/usr/bin/cc  -DCHECK_FUNCTION_EXISTS=socket -isysroot /Applications/Xcode.app/Contents/Developer/Platforms/MacOSX.platform/Developer/SDKs/MacOSX10.14.sdk -Wl,-search_paths_first -Wl,-headerpad_max_install_names   CMakeFiles/cmTC_97a19.dir/CheckFunctionExists.c.o  -o cmTC_97a19 


Determining if the function select exists passed with the following output:
Change Dir: /Users/soleilpqd/PROJECTS/GitDiff/objective-git/External/libssh2/bin/CMakeFiles/CMakeTmp

Run Build Command(s):/usr/bin/make cmTC_e2422/fast 
/Applications/Xcode.app/Contents/Developer/usr/bin/make -f CMakeFiles/cmTC_e2422.dir/build.make CMakeFiles/cmTC_e2422.dir/build
Building C object CMakeFiles/cmTC_e2422.dir/CheckFunctionExists.c.o
/Applications/Xcode.app/Contents/Developer/Toolchains/XcodeDefault.xctoolchain/usr/bin/cc   -DCHECK_FUNCTION_EXISTS=select -isysroot /Applications/Xcode.app/Contents/Developer/Platforms/MacOSX.platform/Developer/SDKs/MacOSX10.14.sdk   -o CMakeFiles/cmTC_e2422.dir/CheckFunctionExists.c.o   -c /opt/local/share/cmake-3.14/Modules/CheckFunctionExists.c
Linking C executable cmTC_e2422
/opt/local/bin/cmake -E cmake_link_script CMakeFiles/cmTC_e2422.dir/link.txt --verbose=1
/Applications/Xcode.app/Contents/Developer/Toolchains/XcodeDefault.xctoolchain/usr/bin/cc  -DCHECK_FUNCTION_EXISTS=select -isysroot /Applications/Xcode.app/Contents/Developer/Platforms/MacOSX.platform/Developer/SDKs/MacOSX10.14.sdk -Wl,-search_paths_first -Wl,-headerpad_max_install_names   CMakeFiles/cmTC_e2422.dir/CheckFunctionExists.c.o  -o cmTC_e2422 


Determining if the function inet_addr exists passed with the following output:
Change Dir: /Users/soleilpqd/PROJECTS/GitDiff/objective-git/External/libssh2/bin/CMakeFiles/CMakeTmp

Run Build Command(s):/usr/bin/make cmTC_ef38d/fast 
/Applications/Xcode.app/Contents/Developer/usr/bin/make -f CMakeFiles/cmTC_ef38d.dir/build.make CMakeFiles/cmTC_ef38d.dir/build
Building C object CMakeFiles/cmTC_ef38d.dir/CheckFunctionExists.c.o
/Applications/Xcode.app/Contents/Developer/Toolchains/XcodeDefault.xctoolchain/usr/bin/cc   -DCHECK_FUNCTION_EXISTS=inet_addr -isysroot /Applications/Xcode.app/Contents/Developer/Platforms/MacOSX.platform/Developer/SDKs/MacOSX10.14.sdk   -o CMakeFiles/cmTC_ef38d.dir/CheckFunctionExists.c.o   -c /opt/local/share/cmake-3.14/Modules/CheckFunctionExists.c
Linking C executable cmTC_ef38d
/opt/local/bin/cmake -E cmake_link_script CMakeFiles/cmTC_ef38d.dir/link.txt --verbose=1
/Applications/Xcode.app/Contents/Developer/Toolchains/XcodeDefault.xctoolchain/usr/bin/cc  -DCHECK_FUNCTION_EXISTS=inet_addr -isysroot /Applications/Xcode.app/Contents/Developer/Platforms/MacOSX.platform/Developer/SDKs/MacOSX10.14.sdk -Wl,-search_paths_first -Wl,-headerpad_max_install_names   CMakeFiles/cmTC_ef38d.dir/CheckFunctionExists.c.o  -o cmTC_ef38d 


Performing C SOURCE FILE Test HAVE_O_NONBLOCK succeeded with the following output:
Change Dir: /Users/soleilpqd/PROJECTS/GitDiff/objective-git/External/libssh2/bin/CMakeFiles/CMakeTmp

Run Build Command(s):/usr/bin/make cmTC_ade87/fast 
/Applications/Xcode.app/Contents/Developer/usr/bin/make -f CMakeFiles/cmTC_ade87.dir/build.make CMakeFiles/cmTC_ade87.dir/build
Building C object CMakeFiles/cmTC_ade87.dir/src.c.o
/Applications/Xcode.app/Contents/Developer/Toolchains/XcodeDefault.xctoolchain/usr/bin/cc   -DHAVE_O_NONBLOCK -isysroot /Applications/Xcode.app/Contents/Developer/Platforms/MacOSX.platform/Developer/SDKs/MacOSX10.14.sdk   -o CMakeFiles/cmTC_ade87.dir/src.c.o   -c /Users/soleilpqd/PROJECTS/GitDiff/objective-git/External/libssh2/bin/CMakeFiles/CMakeTmp/src.c
Linking C executable cmTC_ade87
/opt/local/bin/cmake -E cmake_link_script CMakeFiles/cmTC_ade87.dir/link.txt --verbose=1
/Applications/Xcode.app/Contents/Developer/Toolchains/XcodeDefault.xctoolchain/usr/bin/cc  -DHAVE_O_NONBLOCK -isysroot /Applications/Xcode.app/Contents/Developer/Platforms/MacOSX.platform/Developer/SDKs/MacOSX10.14.sdk -Wl,-search_paths_first -Wl,-headerpad_max_install_names   CMakeFiles/cmTC_ade87.dir/src.c.o  -o cmTC_ade87 /opt/local/lib/libssl.dylib /opt/local/lib/libcrypto.dylib 

Source file was:

#include <sys/types.h>
#include <unistd.h>
#include <fcntl.h>

#if defined(sun) || defined(__sun__) || defined(__SUNPRO_C) || defined(__SUNPRO_CC)
# if defined(__SVR4) || defined(__srv4__)
#  define PLATFORM_SOLARIS
# else
#  define PLATFORM_SUNOS4
# endif
#endif
#if (defined(_AIX) || defined(__xlC__)) && !defined(_AIX41)
# define PLATFORM_AIX_V3
#endif

#if defined(PLATFORM_SUNOS4) || defined(PLATFORM_AIX_V3) || defined(__BEOS__)
#error "O_NONBLOCK does not work on this platform"
#endif

int main()
{
    int socket;
    int flags = fcntl(socket, F_SETFL, flags | O_NONBLOCK);
}
Determining if files arpa/inet.h exist passed with the following output:
Change Dir: /Users/soleilpqd/PROJECTS/GitDiff/objective-git/External/libssh2/bin/CMakeFiles/CMakeTmp

Run Build Command(s):/usr/bin/make cmTC_18ffc/fast 
/Applications/Xcode.app/Contents/Developer/usr/bin/make -f CMakeFiles/cmTC_18ffc.dir/build.make CMakeFiles/cmTC_18ffc.dir/build
Building C object CMakeFiles/cmTC_18ffc.dir/HAVE_ARPA_INET_H.c.o
/Applications/Xcode.app/Contents/Developer/Toolchains/XcodeDefault.xctoolchain/usr/bin/cc   -isysroot /Applications/Xcode.app/Contents/Developer/Platforms/MacOSX.platform/Developer/SDKs/MacOSX10.14.sdk   -o CMakeFiles/cmTC_18ffc.dir/HAVE_ARPA_INET_H.c.o   -c /Users/soleilpqd/PROJECTS/GitDiff/objective-git/External/libssh2/bin/CMakeFiles/CheckIncludeFiles/HAVE_ARPA_INET_H.c
Linking C executable cmTC_18ffc
/opt/local/bin/cmake -E cmake_link_script CMakeFiles/cmTC_18ffc.dir/link.txt --verbose=1
/Applications/Xcode.app/Contents/Developer/Toolchains/XcodeDefault.xctoolchain/usr/bin/cc   -isysroot /Applications/Xcode.app/Contents/Developer/Platforms/MacOSX.platform/Developer/SDKs/MacOSX10.14.sdk -Wl,-search_paths_first -Wl,-headerpad_max_install_names   CMakeFiles/cmTC_18ffc.dir/HAVE_ARPA_INET_H.c.o  -o cmTC_18ffc 


Determining if files netinet/in.h exist passed with the following output:
Change Dir: /Users/soleilpqd/PROJECTS/GitDiff/objective-git/External/libssh2/bin/CMakeFiles/CMakeTmp

Run Build Command(s):/usr/bin/make cmTC_a7cba/fast 
/Applications/Xcode.app/Contents/Developer/usr/bin/make -f CMakeFiles/cmTC_a7cba.dir/build.make CMakeFiles/cmTC_a7cba.dir/build
Building C object CMakeFiles/cmTC_a7cba.dir/HAVE_NETINET_IN_H.c.o
/Applications/Xcode.app/Contents/Developer/Toolchains/XcodeDefault.xctoolchain/usr/bin/cc   -isysroot /Applications/Xcode.app/Contents/Developer/Platforms/MacOSX.platform/Developer/SDKs/MacOSX10.14.sdk   -o CMakeFiles/cmTC_a7cba.dir/HAVE_NETINET_IN_H.c.o   -c /Users/soleilpqd/PROJECTS/GitDiff/objective-git/External/libssh2/bin/CMakeFiles/CheckIncludeFiles/HAVE_NETINET_IN_H.c
Linking C executable cmTC_a7cba
/opt/local/bin/cmake -E cmake_link_script CMakeFiles/cmTC_a7cba.dir/link.txt --verbose=1
/Applications/Xcode.app/Contents/Developer/Toolchains/XcodeDefault.xctoolchain/usr/bin/cc   -isysroot /Applications/Xcode.app/Contents/Developer/Platforms/MacOSX.platform/Developer/SDKs/MacOSX10.14.sdk -Wl,-search_paths_first -Wl,-headerpad_max_install_names   CMakeFiles/cmTC_a7cba.dir/HAVE_NETINET_IN_H.c.o  -o cmTC_a7cba 


Determining if the strcasecmp exist passed with the following output:
Change Dir: /Users/soleilpqd/PROJECTS/GitDiff/objective-git/External/libssh2/bin/CMakeFiles/CMakeTmp

Run Build Command(s):/usr/bin/make cmTC_195f3/fast 
/Applications/Xcode.app/Contents/Developer/usr/bin/make -f CMakeFiles/cmTC_195f3.dir/build.make CMakeFiles/cmTC_195f3.dir/build
Building C object CMakeFiles/cmTC_195f3.dir/CheckSymbolExists.c.o
/Applications/Xcode.app/Contents/Developer/Toolchains/XcodeDefault.xctoolchain/usr/bin/cc   -isysroot /Applications/Xcode.app/Contents/Developer/Platforms/MacOSX.platform/Developer/SDKs/MacOSX10.14.sdk   -o CMakeFiles/cmTC_195f3.dir/CheckSymbolExists.c.o   -c /Users/soleilpqd/PROJECTS/GitDiff/objective-git/External/libssh2/bin/CMakeFiles/CMakeTmp/CheckSymbolExists.c
Linking C executable cmTC_195f3
/opt/local/bin/cmake -E cmake_link_script CMakeFiles/cmTC_195f3.dir/link.txt --verbose=1
/Applications/Xcode.app/Contents/Developer/Toolchains/XcodeDefault.xctoolchain/usr/bin/cc   -isysroot /Applications/Xcode.app/Contents/Developer/Platforms/MacOSX.platform/Developer/SDKs/MacOSX10.14.sdk -Wl,-search_paths_first -Wl,-headerpad_max_install_names   CMakeFiles/cmTC_195f3.dir/CheckSymbolExists.c.o  -o cmTC_195f3 

File /Users/soleilpqd/PROJECTS/GitDiff/objective-git/External/libssh2/bin/CMakeFiles/CMakeTmp/CheckSymbolExists.c:
/* */
#include <strings.h>

int main(int argc, char** argv)
{
  (void)argv;
#ifndef strcasecmp
  return ((int*)(&strcasecmp))[argc];
#else
  (void)argc;
  return 0;
#endif
}

Determining if the __func__ exist passed with the following output:
Change Dir: /Users/soleilpqd/PROJECTS/GitDiff/objective-git/External/libssh2/bin/CMakeFiles/CMakeTmp

Run Build Command(s):/usr/bin/make cmTC_e0bbb/fast 
/Applications/Xcode.app/Contents/Developer/usr/bin/make -f CMakeFiles/cmTC_e0bbb.dir/build.make CMakeFiles/cmTC_e0bbb.dir/build
Building C object CMakeFiles/cmTC_e0bbb.dir/CheckSymbolExists.c.o
/Applications/Xcode.app/Contents/Developer/Toolchains/XcodeDefault.xctoolchain/usr/bin/cc   -isysroot /Applications/Xcode.app/Contents/Developer/Platforms/MacOSX.platform/Developer/SDKs/MacOSX10.14.sdk   -o CMakeFiles/cmTC_e0bbb.dir/CheckSymbolExists.c.o   -c /Users/soleilpqd/PROJECTS/GitDiff/objective-git/External/libssh2/bin/CMakeFiles/CMakeTmp/CheckSymbolExists.c
Linking C executable cmTC_e0bbb
/opt/local/bin/cmake -E cmake_link_script CMakeFiles/cmTC_e0bbb.dir/link.txt --verbose=1
/Applications/Xcode.app/Contents/Developer/Toolchains/XcodeDefault.xctoolchain/usr/bin/cc   -isysroot /Applications/Xcode.app/Contents/Developer/Platforms/MacOSX.platform/Developer/SDKs/MacOSX10.14.sdk -Wl,-search_paths_first -Wl,-headerpad_max_install_names   CMakeFiles/cmTC_e0bbb.dir/CheckSymbolExists.c.o  -o cmTC_e0bbb 

File /Users/soleilpqd/PROJECTS/GitDiff/objective-git/External/libssh2/bin/CMakeFiles/CMakeTmp/CheckSymbolExists.c:
/* */

int main(int argc, char** argv)
{
  (void)argv;
#ifndef __func__
  return ((int*)(&__func__))[argc];
#else
  (void)argc;
  return 0;
#endif
}

Determining if the __FUNCTION__ exist passed with the following output:
Change Dir: /Users/soleilpqd/PROJECTS/GitDiff/objective-git/External/libssh2/bin/CMakeFiles/CMakeTmp

Run Build Command(s):/usr/bin/make cmTC_41337/fast 
/Applications/Xcode.app/Contents/Developer/usr/bin/make -f CMakeFiles/cmTC_41337.dir/build.make CMakeFiles/cmTC_41337.dir/build
Building C object CMakeFiles/cmTC_41337.dir/CheckSymbolExists.c.o
/Applications/Xcode.app/Contents/Developer/Toolchains/XcodeDefault.xctoolchain/usr/bin/cc   -isysroot /Applications/Xcode.app/Contents/Developer/Platforms/MacOSX.platform/Developer/SDKs/MacOSX10.14.sdk   -o CMakeFiles/cmTC_41337.dir/CheckSymbolExists.c.o   -c /Users/soleilpqd/PROJECTS/GitDiff/objective-git/External/libssh2/bin/CMakeFiles/CMakeTmp/CheckSymbolExists.c
Linking C executable cmTC_41337
/opt/local/bin/cmake -E cmake_link_script CMakeFiles/cmTC_41337.dir/link.txt --verbose=1
/Applications/Xcode.app/Contents/Developer/Toolchains/XcodeDefault.xctoolchain/usr/bin/cc   -isysroot /Applications/Xcode.app/Contents/Developer/Platforms/MacOSX.platform/Developer/SDKs/MacOSX10.14.sdk -Wl,-search_paths_first -Wl,-headerpad_max_install_names   CMakeFiles/cmTC_41337.dir/CheckSymbolExists.c.o  -o cmTC_41337 

File /Users/soleilpqd/PROJECTS/GitDiff/objective-git/External/libssh2/bin/CMakeFiles/CMakeTmp/CheckSymbolExists.c:
/* */

int main(int argc, char** argv)
{
  (void)argv;
#ifndef __FUNCTION__
  return ((int*)(&__FUNCTION__))[argc];
#else
  (void)argc;
  return 0;
#endif
}

